<?xml version="1.0" encoding="UTF-8"?>
<!-- Generated by org.testng.reporters.JUnitReportReporter -->
<testsuite hostname="DESKTOP-3ARF4MQ" failures="0" tests="1" name="Resouces.BaseClass" time="4.325" errors="0" timestamp="2023-07-27T16:40:35 IST" skipped="0">
  <testcase classname="Resouces.BaseClass" name="initializeDriver" time="4.325"/>
</testsuite> <!-- Resouces.BaseClass -->
