<?xml version="1.0" encoding="UTF-8"?>
<!-- Generated by org.testng.reporters.JUnitReportReporter -->
<testsuite hostname="DESKTOP-3ARF4MQ" failures="0" tests="1" name="TestCases.LoginTestCases" time="7.305" errors="0" timestamp="2023-08-01T15:28:54 IST" skipped="0">
  <testcase classname="TestCases.LoginTestCases" name="Login" time="7.305"/>
</testsuite> <!-- TestCases.LoginTestCases -->
