<?xml version="1.0" encoding="UTF-8"?>
<!-- Generated by org.testng.reporters.JUnitReportReporter -->
<testsuite hostname="DESKTOP-3ARF4MQ" failures="0" tests="1" name="TestCases.SearchTestCases" time="16.402" errors="0" timestamp="2023-08-02T00:05:38 IST" skipped="0">
  <testcase classname="TestCases.SearchTestCases" name="Search" time="16.402"/>
</testsuite> <!-- TestCases.SearchTestCases -->
